2025-03-29 18:58:04,082 - INFO - Logger started. File path: ../logs/IBGE_20250329_185804.log
2025-03-29 18:58:06,568 - INFO - Loaded IBGE Metadata from file: ../data/metadata/ibge_series.json
2025-03-29 18:58:10,931 - DEBUG - handle_msg[ebc3d283bc0c4e5195b5eba3b50b808f]({'header': {'date': datetime.datetime(2025, 3, 29, 21, 58, 10, 929000, tzinfo=tzutc()), 'msg_id': 'a3148ebf-a103-42c7-bb5a-8da9bd9119fd', 'msg_type': 'comm_msg', 'session': 'ec9a0939-5d6f-49cc-97ee-ebb137d63124', 'username': '741151c5-403d-4516-9709-05e99aaf2be6', 'version': '5.2'}, 'msg_id': 'a3148ebf-a103-42c7-bb5a-8da9bd9119fd', 'msg_type': 'comm_msg', 'parent_header': {}, 'metadata': {}, 'content': {'comm_id': 'ebc3d283bc0c4e5195b5eba3b50b808f', 'data': {'method': 'update', 'state': {'index': [0]}, 'buffer_paths': []}}, 'buffers': []})
2025-03-29 18:58:11,406 - DEBUG - handle_msg[ebc3d283bc0c4e5195b5eba3b50b808f]({'header': {'date': datetime.datetime(2025, 3, 29, 21, 58, 11, 405000, tzinfo=tzutc()), 'msg_id': 'eb4516dc-be43-453e-af9f-2978c012f50c', 'msg_type': 'comm_msg', 'session': 'ec9a0939-5d6f-49cc-97ee-ebb137d63124', 'username': '741151c5-403d-4516-9709-05e99aaf2be6', 'version': '5.2'}, 'msg_id': 'eb4516dc-be43-453e-af9f-2978c012f50c', 'msg_type': 'comm_msg', 'parent_header': {}, 'metadata': {}, 'content': {'comm_id': 'ebc3d283bc0c4e5195b5eba3b50b808f', 'data': {'method': 'update', 'state': {'index': [0, 1, 2, 3, 4]}, 'buffer_paths': []}}, 'buffers': []})
2025-03-29 18:58:14,346 - INFO - Requesting data for: GDP Quarterly - Real - 1620-583-90707
2025-03-29 18:58:14,346 - DEBUG - URL: https://apisidra.ibge.gov.br/values/t/1620/v/583/p/all/N1/1/c11255/90707
2025-03-29 18:58:14,347 - DEBUG - Starting new HTTPS connection (1): apisidra.ibge.gov.br:443
2025-03-29 18:58:14,571 - DEBUG - https://apisidra.ibge.gov.br:443 "GET /values/t/1620/v/583/p/all/N1/1/c11255/90707 HTTP/1.1" 400 142
2025-03-29 18:58:14,571 - ERROR - HTTP error for GDP Quarterly - Real - 1620-583-90707: 400 Client Error: Bad Request for url: https://apisidra.ibge.gov.br/values/t/1620/v/583/p/all/N1/1/c11255/90707
2025-03-29 18:58:14,573 - DEBUG - Loaded backend module://matplotlib_inline.backend_inline version unknown.
2025-03-29 18:58:14,573 - DEBUG - Loaded backend module://matplotlib_inline.backend_inline version unknown.
2025-03-29 18:58:17,236 - DEBUG - handle_msg[5e60a061f0e94af2a63c3c7e379baa75]({'header': {'date': datetime.datetime(2025, 3, 29, 21, 58, 17, 235000, tzinfo=tzutc()), 'msg_id': '32e78b66-ffc0-4ea0-96bc-7afe94baa1cc', 'msg_type': 'comm_msg', 'session': 'ec9a0939-5d6f-49cc-97ee-ebb137d63124', 'username': '741151c5-403d-4516-9709-05e99aaf2be6', 'version': '5.2'}, 'msg_id': '32e78b66-ffc0-4ea0-96bc-7afe94baa1cc', 'msg_type': 'comm_msg', 'parent_header': {}, 'metadata': {}, 'content': {'comm_id': '5e60a061f0e94af2a63c3c7e379baa75', 'data': {'method': 'update', 'state': {'index': 1}, 'buffer_paths': []}}, 'buffers': []})
2025-03-29 18:58:17,872 - DEBUG - handle_msg[ebc3d283bc0c4e5195b5eba3b50b808f]({'header': {'date': datetime.datetime(2025, 3, 29, 21, 58, 17, 871000, tzinfo=tzutc()), 'msg_id': 'b4145cee-89b7-406b-8c8f-94ffabbf057c', 'msg_type': 'comm_msg', 'session': 'ec9a0939-5d6f-49cc-97ee-ebb137d63124', 'username': '741151c5-403d-4516-9709-05e99aaf2be6', 'version': '5.2'}, 'msg_id': 'b4145cee-89b7-406b-8c8f-94ffabbf057c', 'msg_type': 'comm_msg', 'parent_header': {}, 'metadata': {}, 'content': {'comm_id': 'ebc3d283bc0c4e5195b5eba3b50b808f', 'data': {'method': 'update', 'state': {'index': [0]}, 'buffer_paths': []}}, 'buffers': []})
2025-03-29 18:58:18,190 - DEBUG - handle_msg[ebc3d283bc0c4e5195b5eba3b50b808f]({'header': {'date': datetime.datetime(2025, 3, 29, 21, 58, 18, 189000, tzinfo=tzutc()), 'msg_id': 'fa70c421-dd50-4158-a136-5cb38761316f', 'msg_type': 'comm_msg', 'session': 'ec9a0939-5d6f-49cc-97ee-ebb137d63124', 'username': '741151c5-403d-4516-9709-05e99aaf2be6', 'version': '5.2'}, 'msg_id': 'fa70c421-dd50-4158-a136-5cb38761316f', 'msg_type': 'comm_msg', 'parent_header': {}, 'metadata': {}, 'content': {'comm_id': 'ebc3d283bc0c4e5195b5eba3b50b808f', 'data': {'method': 'update', 'state': {'index': [0, 1]}, 'buffer_paths': []}}, 'buffers': []})
2025-03-29 18:58:20,439 - INFO - Requesting data for: GDP Annual - Current Prices 6784-9808
2025-03-29 18:58:20,439 - DEBUG - URL: https://apisidra.ibge.gov.br/values/t/6784/v/9808/p/all/N1/1/
2025-03-29 18:58:20,439 - DEBUG - Starting new HTTPS connection (1): apisidra.ibge.gov.br:443
2025-03-29 18:58:20,620 - DEBUG - https://apisidra.ibge.gov.br:443 "GET /values/t/6784/v/9808/p/all/N1/1/ HTTP/1.1" 400 21
2025-03-29 18:58:20,620 - ERROR - HTTP error for GDP Annual - Current Prices 6784-9808: 400 Client Error: Bad Request for url: https://apisidra.ibge.gov.br/values/t/6784/v/9808/p/all/N1/1/
2025-03-29 18:58:34,389 - DEBUG - handle_msg[5e60a061f0e94af2a63c3c7e379baa75]({'header': {'date': datetime.datetime(2025, 3, 29, 21, 58, 34, 387000, tzinfo=tzutc()), 'msg_id': '651df151-05e6-4d18-a3f6-2cb5e11267e8', 'msg_type': 'comm_msg', 'session': 'ec9a0939-5d6f-49cc-97ee-ebb137d63124', 'username': '741151c5-403d-4516-9709-05e99aaf2be6', 'version': '5.2'}, 'msg_id': '651df151-05e6-4d18-a3f6-2cb5e11267e8', 'msg_type': 'comm_msg', 'parent_header': {}, 'metadata': {}, 'content': {'comm_id': '5e60a061f0e94af2a63c3c7e379baa75', 'data': {'method': 'update', 'state': {'index': 0}, 'buffer_paths': []}}, 'buffers': []})
2025-03-29 18:58:34,919 - DEBUG - handle_msg[ebc3d283bc0c4e5195b5eba3b50b808f]({'header': {'date': datetime.datetime(2025, 3, 29, 21, 58, 34, 917000, tzinfo=tzutc()), 'msg_id': '057f96c8-84b8-4ade-96bc-4589ada4e68b', 'msg_type': 'comm_msg', 'session': 'ec9a0939-5d6f-49cc-97ee-ebb137d63124', 'username': '741151c5-403d-4516-9709-05e99aaf2be6', 'version': '5.2'}, 'msg_id': '057f96c8-84b8-4ade-96bc-4589ada4e68b', 'msg_type': 'comm_msg', 'parent_header': {}, 'metadata': {}, 'content': {'comm_id': 'ebc3d283bc0c4e5195b5eba3b50b808f', 'data': {'method': 'update', 'state': {'index': [0]}, 'buffer_paths': []}}, 'buffers': []})
2025-03-29 18:58:35,407 - DEBUG - handle_msg[ebc3d283bc0c4e5195b5eba3b50b808f]({'header': {'date': datetime.datetime(2025, 3, 29, 21, 58, 35, 406000, tzinfo=tzutc()), 'msg_id': '2a69b655-4c61-4321-a668-0f1f0b29de3c', 'msg_type': 'comm_msg', 'session': 'ec9a0939-5d6f-49cc-97ee-ebb137d63124', 'username': '741151c5-403d-4516-9709-05e99aaf2be6', 'version': '5.2'}, 'msg_id': '2a69b655-4c61-4321-a668-0f1f0b29de3c', 'msg_type': 'comm_msg', 'parent_header': {}, 'metadata': {}, 'content': {'comm_id': 'ebc3d283bc0c4e5195b5eba3b50b808f', 'data': {'method': 'update', 'state': {'index': [0, 1, 2, 3, 4]}, 'buffer_paths': []}}, 'buffers': []})
2025-03-29 18:58:36,962 - INFO - Requesting data for: GDP Quarterly - Real - 1620-583-90707
2025-03-29 18:58:36,962 - DEBUG - URL: https://apisidra.ibge.gov.br/values/t/1620/v/583/p/all/N1/1/c11255/90707
2025-03-29 18:58:36,963 - DEBUG - Starting new HTTPS connection (1): apisidra.ibge.gov.br:443
2025-03-29 18:58:37,121 - DEBUG - https://apisidra.ibge.gov.br:443 "GET /values/t/1620/v/583/p/all/N1/1/c11255/90707 HTTP/1.1" 400 142
2025-03-29 18:58:37,122 - ERROR - HTTP error for GDP Quarterly - Real - 1620-583-90707: 400 Client Error: Bad Request for url: https://apisidra.ibge.gov.br/values/t/1620/v/583/p/all/N1/1/c11255/90707
2025-03-29 19:00:09,766 - DEBUG - handle_msg[0ed841b2dbd54c458f8e7f91a718a451]({'header': {'date': datetime.datetime(2025, 3, 29, 22, 0, 9, 764000, tzinfo=tzutc()), 'msg_id': '913a4b31-a7ae-486a-a775-6ef681610698', 'msg_type': 'comm_msg', 'session': 'ec9a0939-5d6f-49cc-97ee-ebb137d63124', 'username': '741151c5-403d-4516-9709-05e99aaf2be6', 'version': '5.2'}, 'msg_id': '913a4b31-a7ae-486a-a775-6ef681610698', 'msg_type': 'comm_msg', 'parent_header': {}, 'metadata': {}, 'content': {'comm_id': '0ed841b2dbd54c458f8e7f91a718a451', 'data': {'method': 'update', 'state': {'index': 0}, 'buffer_paths': []}}, 'buffers': []})
2025-03-29 19:00:12,370 - INFO - Requesting data for: GDP Quarterly - Real - 1620-583-90707
2025-03-29 19:00:12,371 - DEBUG - URL: https://servicodados.ibge.gov.br/api/v3/agregados/1620/periodos/all/variaveis/583?localidades=N1[all]c11255/90707
2025-03-29 19:00:12,371 - DEBUG - Starting new HTTPS connection (1): servicodados.ibge.gov.br:443
2025-03-29 19:00:12,550 - DEBUG - https://servicodados.ibge.gov.br:443 "GET /api/v3/agregados/1620/periodos/all/variaveis/583?localidades=N1%5Ball%5Dc11255/90707 HTTP/1.1" 500 None
2025-03-29 19:00:12,551 - ERROR - HTTP error for GDP Quarterly - Real - 1620-583-90707: 500 Server Error: Internal Server Error for url: https://servicodados.ibge.gov.br/api/v3/agregados/1620/periodos/all/variaveis/583?localidades=N1%5Ball%5Dc11255/90707
2025-03-29 19:01:16,388 - INFO - Requesting data for: GDP Quarterly - Real - 1620-583-90707
2025-03-29 19:01:16,388 - DEBUG - URL: https://servicodados.ibge.gov.br/api/v3/agregados/1620/periodos/all/variaveis/583?localidades=N1[all]c11255/90707
2025-03-29 19:01:16,389 - DEBUG - Starting new HTTPS connection (1): servicodados.ibge.gov.br:443
2025-03-29 19:01:16,528 - DEBUG - https://servicodados.ibge.gov.br:443 "GET /api/v3/agregados/1620/periodos/all/variaveis/583?localidades=N1%5Ball%5Dc11255/90707 HTTP/1.1" 500 None
2025-03-29 19:01:16,528 - ERROR - HTTP error for GDP Quarterly - Real - 1620-583-90707: 500 Server Error: Internal Server Error for url: https://servicodados.ibge.gov.br/api/v3/agregados/1620/periodos/all/variaveis/583?localidades=N1%5Ball%5Dc11255/90707
2025-03-29 19:01:16,529 - INFO - Requesting data for: GDP Quarterly - Real (Seasonally Adjusted) 1621-584-90707
2025-03-29 19:01:16,529 - DEBUG - URL: https://servicodados.ibge.gov.br/api/v3/agregados/1621/periodos/all/variaveis/584?localidades=N1[all]c11255/90707
2025-03-29 19:01:16,530 - DEBUG - Starting new HTTPS connection (1): servicodados.ibge.gov.br:443
2025-03-29 19:01:16,626 - DEBUG - https://servicodados.ibge.gov.br:443 "GET /api/v3/agregados/1621/periodos/all/variaveis/584?localidades=N1%5Ball%5Dc11255/90707 HTTP/1.1" 500 None
2025-03-29 19:01:16,626 - ERROR - HTTP error for GDP Quarterly - Real (Seasonally Adjusted) 1621-584-90707: 500 Server Error: Internal Server Error for url: https://servicodados.ibge.gov.br/api/v3/agregados/1621/periodos/all/variaveis/584?localidades=N1%5Ball%5Dc11255/90707
2025-03-29 19:01:16,627 - INFO - Requesting data for: GDP Quarterly - Current Prices 1846-585-90707
2025-03-29 19:01:16,627 - DEBUG - URL: https://servicodados.ibge.gov.br/api/v3/agregados/1846/periodos/all/variaveis/585?localidades=N1[all]c11255/90707
2025-03-29 19:01:16,627 - DEBUG - Starting new HTTPS connection (1): servicodados.ibge.gov.br:443
2025-03-29 19:01:16,728 - DEBUG - https://servicodados.ibge.gov.br:443 "GET /api/v3/agregados/1846/periodos/all/variaveis/585?localidades=N1%5Ball%5Dc11255/90707 HTTP/1.1" 500 None
2025-03-29 19:01:16,728 - ERROR - HTTP error for GDP Quarterly - Current Prices 1846-585-90707: 500 Server Error: Internal Server Error for url: https://servicodados.ibge.gov.br/api/v3/agregados/1846/periodos/all/variaveis/585?localidades=N1%5Ball%5Dc11255/90707
2025-03-29 19:01:16,729 - INFO - Requesting data for: GDP Quarterly - 1995 Prices 6612-9318-90707
2025-03-29 19:01:16,729 - DEBUG - URL: https://servicodados.ibge.gov.br/api/v3/agregados/6612/periodos/all/variaveis/9318?localidades=N1[all]c11255/90707
2025-03-29 19:01:16,730 - DEBUG - Starting new HTTPS connection (1): servicodados.ibge.gov.br:443
2025-03-29 19:01:16,824 - DEBUG - https://servicodados.ibge.gov.br:443 "GET /api/v3/agregados/6612/periodos/all/variaveis/9318?localidades=N1%5Ball%5Dc11255/90707 HTTP/1.1" 500 None
2025-03-29 19:01:16,825 - ERROR - HTTP error for GDP Quarterly - 1995 Prices 6612-9318-90707: 500 Server Error: Internal Server Error for url: https://servicodados.ibge.gov.br/api/v3/agregados/6612/periodos/all/variaveis/9318?localidades=N1%5Ball%5Dc11255/90707
2025-03-29 19:01:16,825 - INFO - Requesting data for: GDP Quarterly - 1995 Prices (Seasonally Adjusted) 6613-9319-90707
2025-03-29 19:01:16,826 - DEBUG - URL: https://servicodados.ibge.gov.br/api/v3/agregados/6613/periodos/all/variaveis/9319?localidades=N1[all]c11255/90707
2025-03-29 19:01:16,826 - DEBUG - Starting new HTTPS connection (1): servicodados.ibge.gov.br:443
2025-03-29 19:01:16,921 - DEBUG - https://servicodados.ibge.gov.br:443 "GET /api/v3/agregados/6613/periodos/all/variaveis/9319?localidades=N1%5Ball%5Dc11255/90707 HTTP/1.1" 500 None
2025-03-29 19:01:16,922 - ERROR - HTTP error for GDP Quarterly - 1995 Prices (Seasonally Adjusted) 6613-9319-90707: 500 Server Error: Internal Server Error for url: https://servicodados.ibge.gov.br/api/v3/agregados/6613/periodos/all/variaveis/9319?localidades=N1%5Ball%5Dc11255/90707
